{
  "RSpec": {
    "coverage": {
      "/home/khoanv/Internship_Report/Week7/learn-project1/app/models/author.rb": {
        "lines": [
          null,
          null,
          null,
          1,
          4,
          1,
          null,
          1,
          1,
          1,
          1,
          null,
          1,
          null,
          1,
          null,
          1,
          null,
          1,
          115,
          null,
          null,
          1,
          1,
          null,
          null,
          1,
          1,
          null,
          null
        ]
      },
      "/home/khoanv/Internship_Report/Week7/learn-project1/app/models/application_record.rb": {
        "lines": [
          null,
          null,
          1,
          1,
          null
        ]
      },
      "/home/khoanv/Internship_Report/Week7/learn-project1/app/models/book.rb": {
        "lines": [
          null,
          null,
          null,
          1,
          1,
          null,
          1,
          1,
          1,
          1,
          null,
          1,
          1,
          null,
          1,
          1,
          1,
          1,
          1,
          null,
          1,
          1,
          null,
          null,
          1,
          0,
          null,
          null,
          1,
          null,
          1,
          0,
          null,
          null
        ]
      },
      "/home/khoanv/Internship_Report/Week7/learn-project1/app/controllers/authors_controller.rb": {
        "lines": [
          null,
          null,
          null,
          null,
          1,
          1,
          1,
          null,
          1,
          2,
          2,
          null,
          2,
          null,
          null,
          null,
          null,
          null,
          2,
          null,
          null,
          null,
          2,
          2,
          3,
          null,
          2,
          null,
          null,
          null,
          1,
          3,
          2,
          null,
          1,
          1,
          1,
          null,
          null,
          null,
          null,
          null,
          1,
          1,
          null,
          1,
          1,
          1,
          null,
          null,
          null,
          null,
          1,
          null,
          null,
          1,
          null,
          11,
          11,
          null,
          11,
          11,
          6,
          12,
          6,
          null,
          5,
          10,
          5,
          null,
          null,
          null,
          null,
          null,
          1,
          4,
          4,
          4,
          2,
          null,
          2,
          4,
          2,
          null,
          null,
          null,
          null,
          null,
          1,
          3,
          null,
          3,
          6,
          3,
          null,
          null,
          null,
          1,
          null,
          null,
          1,
          10,
          null,
          null,
          null,
          1,
          15,
          null,
          null,
          null,
          1,
          2,
          null,
          null
        ]
      },
      "/home/khoanv/Internship_Report/Week7/learn-project1/app/controllers/application_controller.rb": {
        "lines": [
          null,
          null,
          1,
          1,
          null
        ]
      },
      "/home/khoanv/Internship_Report/Week7/learn-project1/app/models/supplier.rb": {
        "lines": [
          null,
          null,
          1,
          1,
          1,
          null
        ]
      },
      "/home/khoanv/Internship_Report/Week7/learn-project1/app/models/review.rb": {
        "lines": [
          null,
          null,
          1,
          1,
          1,
          null,
          1,
          null
        ]
      },
      "/home/khoanv/Internship_Report/Week7/learn-project1/app/models/order.rb": {
        "lines": [
          null,
          null,
          1,
          1,
          1,
          null,
          null,
          1,
          1,
          null
        ]
      },
      "/home/khoanv/Internship_Report/Week7/learn-project1/app/mailers/author_mailer.rb": {
        "lines": [
          null,
          null,
          1,
          1,
          null,
          1,
          6,
          6,
          6,
          null,
          null
        ]
      },
      "/home/khoanv/Internship_Report/Week7/learn-project1/app/mailers/application_mailer.rb": {
        "lines": [
          null,
          null,
          1,
          1,
          1,
          null
        ]
      }
    },
    "timestamp": 1701414717
  }
}
